[0.519s] DEBUG:colcon:Command line arguments: ['/usr/bin/colcon', 'build', '--symlink-install', '--packages-select', 'class_pkg']
[0.520s] DEBUG:colcon:Parsed command line arguments: Namespace(log_base=None, log_level=None, verb_name='build', build_base='build', install_base='install', merge_install=False, symlink_install=True, test_result_base=None, continue_on_error=False, executor='parallel', parallel_workers=4, event_handlers=None, ignore_user_meta=False, metas=['./colcon.meta'], base_paths=['.'], packages_ignore=None, packages_ignore_regex=None, paths=None, packages_up_to=None, packages_up_to_regex=None, packages_above=None, packages_above_and_dependencies=None, packages_above_depth=None, packages_select_by_dep=None, packages_skip_by_dep=None, packages_skip_up_to=None, packages_select_build_failed=False, packages_skip_build_finished=False, packages_select_test_failures=False, packages_skip_test_passed=False, packages_select=['class_pkg'], packages_skip=None, packages_select_regex=None, packages_skip_regex=None, packages_start=None, packages_end=None, allow_overriding=[], cmake_args=None, cmake_target=None, cmake_target_skip_unavailable=False, cmake_clean_cache=False, cmake_clean_first=False, cmake_force_configure=False, ament_cmake_args=None, catkin_cmake_args=None, catkin_skip_building_tests=False, mixin_files=None, mixin=None, verb_parser=<colcon_mixin.mixin.mixin_argument.MixinArgumentDecorator object at 0xffffb1005f90>, verb_extension=<colcon_core.verb.build.BuildVerb object at 0xffffb11f2590>, main=<bound method BuildVerb.main of <colcon_core.verb.build.BuildVerb object at 0xffffb11f2590>>, mixin_verb=('build',))
[0.693s] Level 1:colcon.colcon_core.package_discovery:discover_packages(colcon_meta) check parameters
[0.693s] Level 1:colcon.colcon_core.package_discovery:discover_packages(recursive) check parameters
[0.693s] Level 1:colcon.colcon_core.package_discovery:discover_packages(ignore) check parameters
[0.694s] Level 1:colcon.colcon_core.package_discovery:discover_packages(path) check parameters
[0.694s] Level 1:colcon.colcon_core.package_discovery:discover_packages(colcon_meta) discover
[0.694s] Level 1:colcon.colcon_core.package_discovery:discover_packages(recursive) discover
[0.694s] INFO:colcon.colcon_core.package_discovery:Crawling recursively for packages in '/home/ros/Workspaces/course_ws'
[0.695s] Level 1:colcon.colcon_core.package_identification:_identify(.) by extensions ['ignore', 'ignore_ament_install']
[0.695s] Level 1:colcon.colcon_core.package_identification:_identify(.) by extension 'ignore'
[0.696s] Level 1:colcon.colcon_core.package_identification:_identify(.) by extension 'ignore_ament_install'
[0.696s] Level 1:colcon.colcon_core.package_identification:_identify(.) by extensions ['colcon_pkg']
[0.696s] Level 1:colcon.colcon_core.package_identification:_identify(.) by extension 'colcon_pkg'
[0.696s] Level 1:colcon.colcon_core.package_identification:_identify(.) by extensions ['colcon_meta']
[0.696s] Level 1:colcon.colcon_core.package_identification:_identify(.) by extension 'colcon_meta'
[0.697s] Level 1:colcon.colcon_core.package_identification:_identify(.) by extensions ['ros']
[0.697s] Level 1:colcon.colcon_core.package_identification:_identify(.) by extension 'ros'
[0.765s] Level 1:colcon.colcon_core.package_identification:_identify(.) by extensions ['cmake', 'python']
[0.765s] Level 1:colcon.colcon_core.package_identification:_identify(.) by extension 'cmake'
[0.765s] Level 1:colcon.colcon_core.package_identification:_identify(.) by extension 'python'
[0.766s] Level 1:colcon.colcon_core.package_identification:_identify(.) by extensions ['python_setup_py']
[0.766s] Level 1:colcon.colcon_core.package_identification:_identify(.) by extension 'python_setup_py'
[0.766s] Level 1:colcon.colcon_core.package_identification:_identify(build) by extensions ['ignore', 'ignore_ament_install']
[0.767s] Level 1:colcon.colcon_core.package_identification:_identify(build) by extension 'ignore'
[0.767s] Level 1:colcon.colcon_core.package_identification:_identify(build) ignored
[0.768s] Level 1:colcon.colcon_core.package_identification:_identify(install) by extensions ['ignore', 'ignore_ament_install']
[0.768s] Level 1:colcon.colcon_core.package_identification:_identify(install) by extension 'ignore'
[0.768s] Level 1:colcon.colcon_core.package_identification:_identify(install) ignored
[0.769s] Level 1:colcon.colcon_core.package_identification:_identify(log) by extensions ['ignore', 'ignore_ament_install']
[0.769s] Level 1:colcon.colcon_core.package_identification:_identify(log) by extension 'ignore'
[0.769s] Level 1:colcon.colcon_core.package_identification:_identify(log) ignored
[0.770s] Level 1:colcon.colcon_core.package_identification:_identify(src) by extensions ['ignore', 'ignore_ament_install']
[0.770s] Level 1:colcon.colcon_core.package_identification:_identify(src) by extension 'ignore'
[0.770s] Level 1:colcon.colcon_core.package_identification:_identify(src) by extension 'ignore_ament_install'
[0.770s] Level 1:colcon.colcon_core.package_identification:_identify(src) by extensions ['colcon_pkg']
[0.771s] Level 1:colcon.colcon_core.package_identification:_identify(src) by extension 'colcon_pkg'
[0.771s] Level 1:colcon.colcon_core.package_identification:_identify(src) by extensions ['colcon_meta']
[0.771s] Level 1:colcon.colcon_core.package_identification:_identify(src) by extension 'colcon_meta'
[0.771s] Level 1:colcon.colcon_core.package_identification:_identify(src) by extensions ['ros']
[0.771s] Level 1:colcon.colcon_core.package_identification:_identify(src) by extension 'ros'
[0.772s] Level 1:colcon.colcon_core.package_identification:_identify(src) by extensions ['cmake', 'python']
[0.772s] Level 1:colcon.colcon_core.package_identification:_identify(src) by extension 'cmake'
[0.772s] Level 1:colcon.colcon_core.package_identification:_identify(src) by extension 'python'
[0.772s] Level 1:colcon.colcon_core.package_identification:_identify(src) by extensions ['python_setup_py']
[0.772s] Level 1:colcon.colcon_core.package_identification:_identify(src) by extension 'python_setup_py'
[0.773s] Level 1:colcon.colcon_core.package_identification:_identify(src/class_pkg) by extensions ['ignore', 'ignore_ament_install']
[0.773s] Level 1:colcon.colcon_core.package_identification:_identify(src/class_pkg) by extension 'ignore'
[0.774s] Level 1:colcon.colcon_core.package_identification:_identify(src/class_pkg) by extension 'ignore_ament_install'
[0.774s] Level 1:colcon.colcon_core.package_identification:_identify(src/class_pkg) by extensions ['colcon_pkg']
[0.774s] Level 1:colcon.colcon_core.package_identification:_identify(src/class_pkg) by extension 'colcon_pkg'
[0.774s] Level 1:colcon.colcon_core.package_identification:_identify(src/class_pkg) by extensions ['colcon_meta']
[0.774s] Level 1:colcon.colcon_core.package_identification:_identify(src/class_pkg) by extension 'colcon_meta'
[0.774s] Level 1:colcon.colcon_core.package_identification:_identify(src/class_pkg) by extensions ['ros']
[0.775s] Level 1:colcon.colcon_core.package_identification:_identify(src/class_pkg) by extension 'ros'
[0.784s] DEBUG:colcon.colcon_core.package_identification:Package 'src/class_pkg' with type 'ros.ament_python' and name 'class_pkg'
[0.784s] Level 1:colcon.colcon_core.package_discovery:discover_packages(recursive) using defaults
[0.784s] Level 1:colcon.colcon_core.package_discovery:discover_packages(ignore) discover
[0.785s] Level 1:colcon.colcon_core.package_discovery:discover_packages(ignore) using defaults
[0.785s] Level 1:colcon.colcon_core.package_discovery:discover_packages(path) discover
[0.785s] Level 1:colcon.colcon_core.package_discovery:discover_packages(path) using defaults
[0.873s] Level 1:colcon.colcon_core.package_discovery:discover_packages(prefix_path) check parameters
[0.873s] Level 1:colcon.colcon_core.package_discovery:discover_packages(prefix_path) discover
[0.882s] DEBUG:colcon.colcon_installed_package_information.package_discovery:Found 1 installed packages in /home/ros/Workspaces/course_ws/install
[0.892s] DEBUG:colcon.colcon_installed_package_information.package_discovery:Found 271 installed packages in /opt/ros/humble
[0.899s] Level 1:colcon.colcon_core.package_discovery:discover_packages(prefix_path) using defaults
[1.086s] Level 5:colcon.colcon_core.verb:set package 'class_pkg' build argument 'cmake_args' from command line to 'None'
[1.086s] Level 5:colcon.colcon_core.verb:set package 'class_pkg' build argument 'cmake_target' from command line to 'None'
[1.086s] Level 5:colcon.colcon_core.verb:set package 'class_pkg' build argument 'cmake_target_skip_unavailable' from command line to 'False'
[1.086s] Level 5:colcon.colcon_core.verb:set package 'class_pkg' build argument 'cmake_clean_cache' from command line to 'False'
[1.086s] Level 5:colcon.colcon_core.verb:set package 'class_pkg' build argument 'cmake_clean_first' from command line to 'False'
[1.086s] Level 5:colcon.colcon_core.verb:set package 'class_pkg' build argument 'cmake_force_configure' from command line to 'False'
[1.086s] Level 5:colcon.colcon_core.verb:set package 'class_pkg' build argument 'ament_cmake_args' from command line to 'None'
[1.087s] Level 5:colcon.colcon_core.verb:set package 'class_pkg' build argument 'catkin_cmake_args' from command line to 'None'
[1.087s] Level 5:colcon.colcon_core.verb:set package 'class_pkg' build argument 'catkin_skip_building_tests' from command line to 'False'
[1.087s] DEBUG:colcon.colcon_core.verb:Building package 'class_pkg' with the following arguments: {'ament_cmake_args': None, 'build_base': '/home/ros/Workspaces/course_ws/build/class_pkg', 'catkin_cmake_args': None, 'catkin_skip_building_tests': False, 'cmake_args': None, 'cmake_clean_cache': False, 'cmake_clean_first': False, 'cmake_force_configure': False, 'cmake_target': None, 'cmake_target_skip_unavailable': False, 'install_base': '/home/ros/Workspaces/course_ws/install/class_pkg', 'merge_install': False, 'path': '/home/ros/Workspaces/course_ws/src/class_pkg', 'symlink_install': True, 'test_result_base': None}
[1.087s] INFO:colcon.colcon_core.executor:Executing jobs using 'parallel' executor
[1.091s] DEBUG:colcon.colcon_parallel_executor.executor.parallel:run_until_complete
[1.092s] INFO:colcon.colcon_ros.task.ament_python.build:Building ROS package in '/home/ros/Workspaces/course_ws/src/class_pkg' with build type 'ament_python'
[1.092s] Level 1:colcon.colcon_core.shell:create_environment_hook('class_pkg', 'ament_prefix_path')
[1.102s] INFO:colcon.colcon_core.plugin_system:Skipping extension 'colcon_core.shell.bat': Not used on non-Windows systems
[1.103s] INFO:colcon.colcon_core.shell:Creating environment hook '/home/ros/Workspaces/course_ws/install/class_pkg/share/class_pkg/hook/ament_prefix_path.ps1'
[1.107s] INFO:colcon.colcon_core.shell:Creating environment descriptor '/home/ros/Workspaces/course_ws/install/class_pkg/share/class_pkg/hook/ament_prefix_path.dsv'
[1.109s] INFO:colcon.colcon_core.shell:Creating environment hook '/home/ros/Workspaces/course_ws/install/class_pkg/share/class_pkg/hook/ament_prefix_path.sh'
[1.113s] INFO:colcon.colcon_core.shell:Skip shell extension 'powershell' for command environment: Not usable outside of PowerShell
[1.113s] DEBUG:colcon.colcon_core.shell:Skip shell extension 'dsv' for command environment
[2.112s] INFO:colcon.colcon_core.task.python.build:Building Python package in '/home/ros/Workspaces/course_ws/src/class_pkg'
[2.113s] INFO:colcon.colcon_core.shell:Skip shell extension 'powershell' for command environment: Not usable outside of PowerShell
[2.113s] DEBUG:colcon.colcon_core.shell:Skip shell extension 'dsv' for command environment
[4.729s] DEBUG:colcon.colcon_core.event_handler.log_command:Invoking command in '/home/ros/Workspaces/course_ws/build/class_pkg': PYTHONPATH=/home/ros/Workspaces/course_ws/build/class_pkg/prefix_override:/usr/lib/python3/dist-packages/colcon_core/task/python/colcon_distutils_commands:/home/ros/Workspaces/course_ws/install/class_pkg/lib/python3.10/site-packages:${PYTHONPATH} /usr/bin/python3 -W ignore:setup.py install is deprecated setup.py develop --editable --build-directory /home/ros/Workspaces/course_ws/build/class_pkg/build --no-deps symlink_data
[7.996s] Level 1:colcon.colcon_core.shell:create_environment_hook('class_pkg', 'pythonpath_develop')
[7.997s] INFO:colcon.colcon_core.shell:Creating environment hook '/home/ros/Workspaces/course_ws/build/class_pkg/share/class_pkg/hook/pythonpath_develop.ps1'
[7.998s] DEBUG:colcon.colcon_core.event_handler.log_command:Invoked command in '/home/ros/Workspaces/course_ws/build/class_pkg' returned '0': PYTHONPATH=/home/ros/Workspaces/course_ws/build/class_pkg/prefix_override:/usr/lib/python3/dist-packages/colcon_core/task/python/colcon_distutils_commands:/home/ros/Workspaces/course_ws/install/class_pkg/lib/python3.10/site-packages:${PYTHONPATH} /usr/bin/python3 -W ignore:setup.py install is deprecated setup.py develop --editable --build-directory /home/ros/Workspaces/course_ws/build/class_pkg/build --no-deps symlink_data
[8.000s] INFO:colcon.colcon_core.shell:Creating environment descriptor '/home/ros/Workspaces/course_ws/build/class_pkg/share/class_pkg/hook/pythonpath_develop.dsv'
[8.002s] INFO:colcon.colcon_core.shell:Creating environment hook '/home/ros/Workspaces/course_ws/build/class_pkg/share/class_pkg/hook/pythonpath_develop.sh'
[8.017s] Level 1:colcon.colcon_core.environment:checking '/home/ros/Workspaces/course_ws/install/class_pkg' for CMake module files
[8.020s] Level 1:colcon.colcon_core.environment:checking '/home/ros/Workspaces/course_ws/install/class_pkg' for CMake config files
[8.024s] Level 1:colcon.colcon_core.environment:checking '/home/ros/Workspaces/course_ws/install/class_pkg/lib'
[8.024s] Level 1:colcon.colcon_core.environment:checking '/home/ros/Workspaces/course_ws/install/class_pkg/bin'
[8.025s] Level 1:colcon.colcon_core.environment:checking '/home/ros/Workspaces/course_ws/install/class_pkg/lib/pkgconfig/class_pkg.pc'
[8.026s] Level 1:colcon.colcon_core.environment:checking '/home/ros/Workspaces/course_ws/install/class_pkg/lib/python3.10/site-packages'
[8.026s] Level 1:colcon.colcon_core.shell:create_environment_hook('class_pkg', 'pythonpath')
[8.027s] INFO:colcon.colcon_core.shell:Creating environment hook '/home/ros/Workspaces/course_ws/install/class_pkg/share/class_pkg/hook/pythonpath.ps1'
[8.029s] INFO:colcon.colcon_core.shell:Creating environment descriptor '/home/ros/Workspaces/course_ws/install/class_pkg/share/class_pkg/hook/pythonpath.dsv'
[8.031s] INFO:colcon.colcon_core.shell:Creating environment hook '/home/ros/Workspaces/course_ws/install/class_pkg/share/class_pkg/hook/pythonpath.sh'
[8.034s] Level 1:colcon.colcon_core.environment:checking '/home/ros/Workspaces/course_ws/install/class_pkg/bin'
[8.034s] Level 1:colcon.colcon_core.environment:create_environment_scripts_only(class_pkg)
[8.036s] INFO:colcon.colcon_core.shell:Creating package script '/home/ros/Workspaces/course_ws/install/class_pkg/share/class_pkg/package.ps1'
[8.039s] INFO:colcon.colcon_core.shell:Creating package descriptor '/home/ros/Workspaces/course_ws/install/class_pkg/share/class_pkg/package.dsv'
[8.042s] INFO:colcon.colcon_core.shell:Creating package script '/home/ros/Workspaces/course_ws/install/class_pkg/share/class_pkg/package.sh'
[8.046s] INFO:colcon.colcon_core.shell:Creating package script '/home/ros/Workspaces/course_ws/install/class_pkg/share/class_pkg/package.bash'
[8.050s] INFO:colcon.colcon_core.shell:Creating package script '/home/ros/Workspaces/course_ws/install/class_pkg/share/class_pkg/package.zsh'
[8.054s] Level 1:colcon.colcon_core.environment:create_file_with_runtime_dependencies(/home/ros/Workspaces/course_ws/install/class_pkg/share/colcon-core/packages/class_pkg)
[8.055s] DEBUG:colcon.colcon_parallel_executor.executor.parallel:closing loop
[8.056s] DEBUG:colcon.colcon_parallel_executor.executor.parallel:loop closed
[8.057s] DEBUG:colcon.colcon_parallel_executor.executor.parallel:run_until_complete finished with '0'
[8.057s] DEBUG:colcon.colcon_core.event_reactor:joining thread
[8.080s] INFO:colcon.colcon_core.plugin_system:Skipping extension 'colcon_notification.desktop_notification.terminal_notifier': Not used on non-Darwin systems
[8.080s] INFO:colcon.colcon_core.plugin_system:Skipping extension 'colcon_notification.desktop_notification.win32': Not used on non-Windows systems
[8.080s] INFO:colcon.colcon_notification.desktop_notification:Sending desktop notification using 'notify2'
[8.086s] DEBUG:colcon.colcon_notification.desktop_notification.notify2:Failed to initialize notify2: org.freedesktop.DBus.Error.ServiceUnknown: The name org.freedesktop.Notifications was not provided by any .service files
[8.086s] DEBUG:colcon.colcon_core.event_reactor:joined thread
[8.087s] INFO:colcon.colcon_core.shell:Creating prefix script '/home/ros/Workspaces/course_ws/install/local_setup.ps1'
[8.091s] INFO:colcon.colcon_core.shell:Creating prefix util module '/home/ros/Workspaces/course_ws/install/_local_setup_util_ps1.py'
[8.100s] INFO:colcon.colcon_core.shell:Creating prefix chain script '/home/ros/Workspaces/course_ws/install/setup.ps1'
[8.106s] INFO:colcon.colcon_core.shell:Creating prefix script '/home/ros/Workspaces/course_ws/install/local_setup.sh'
[8.109s] INFO:colcon.colcon_core.shell:Creating prefix util module '/home/ros/Workspaces/course_ws/install/_local_setup_util_sh.py'
[8.112s] INFO:colcon.colcon_core.shell:Creating prefix chain script '/home/ros/Workspaces/course_ws/install/setup.sh'
[8.117s] INFO:colcon.colcon_core.shell:Creating prefix script '/home/ros/Workspaces/course_ws/install/local_setup.bash'
[8.119s] INFO:colcon.colcon_core.shell:Creating prefix chain script '/home/ros/Workspaces/course_ws/install/setup.bash'
[8.124s] INFO:colcon.colcon_core.shell:Creating prefix script '/home/ros/Workspaces/course_ws/install/local_setup.zsh'
[8.126s] INFO:colcon.colcon_core.shell:Creating prefix chain script '/home/ros/Workspaces/course_ws/install/setup.zsh'
