running develop
/home/ros/.local/lib/python3.10/site-packages/setuptools/command/develop.py:40: EasyInstallDeprecationWarning: easy_install command is deprecated.
!!

        ********************************************************************************
        Please avoid running ``setup.py`` and ``easy_install``.
        Instead, use pypa/build, pypa/installer or other
        standards-based tools.

        See https://github.com/pypa/setuptools/issues/917 for details.
        ********************************************************************************

!!
  easy_install.initialize_options(self)
running egg_info
writing class_pkg.egg-info/PKG-INFO
writing dependency_links to class_pkg.egg-info/dependency_links.txt
writing entry points to class_pkg.egg-info/entry_points.txt
writing requirements to class_pkg.egg-info/requires.txt
writing top-level names to class_pkg.egg-info/top_level.txt
reading manifest file 'class_pkg.egg-info/SOURCES.txt'
writing manifest file 'class_pkg.egg-info/SOURCES.txt'
running build_ext
Creating /home/ros/Workspaces/course_ws/install/class_pkg/lib/python3.10/site-packages/class-pkg.egg-link (link to .)
Installing custom_talker script to /home/ros/Workspaces/course_ws/install/class_pkg/lib/class_pkg

Installed /home/ros/Workspaces/course_ws/build/class_pkg
running symlink_data
