[4.932s] Invoking command in '/home/ros/Workspaces/course_ws/build/class_pkg': PYTHONPATH=/home/ros/Workspaces/course_ws/build/class_pkg/prefix_override:/usr/lib/python3/dist-packages/colcon_core/task/python/colcon_distutils_commands:/home/ros/Workspaces/course_ws/install/class_pkg/lib/python3.10/site-packages:${PYTHONPATH} /usr/bin/python3 -W ignore:setup.py install is deprecated setup.py develop --editable --build-directory /home/ros/Workspaces/course_ws/build/class_pkg/build --no-deps symlink_data
[6.577s] running develop
[6.578s] /home/ros/.local/lib/python3.10/site-packages/setuptools/command/develop.py:40: EasyInstallDeprecationWarning: easy_install command is deprecated.
[6.578s] !!
[6.579s] 
[6.579s]         ********************************************************************************
[6.579s]         Please avoid running ``setup.py`` and ``easy_install``.
[6.580s]         Instead, use pypa/build, pypa/installer or other
[6.580s]         standards-based tools.
[6.580s] 
[6.581s]         See https://github.com/pypa/setuptools/issues/917 for details.
[6.581s]         ********************************************************************************
[6.582s] 
[6.582s] !!
[6.582s]   easy_install.initialize_options(self)
[7.736s] running egg_info
[7.810s] writing class_pkg.egg-info/PKG-INFO
[7.813s] writing dependency_links to class_pkg.egg-info/dependency_links.txt
[7.814s] writing entry points to class_pkg.egg-info/entry_points.txt
[7.815s] writing requirements to class_pkg.egg-info/requires.txt
[7.816s] writing top-level names to class_pkg.egg-info/top_level.txt
[7.977s] reading manifest file 'class_pkg.egg-info/SOURCES.txt'
[7.980s] writing manifest file 'class_pkg.egg-info/SOURCES.txt'
[8.062s] running build_ext
[8.063s] Creating /home/ros/Workspaces/course_ws/install/class_pkg/lib/python3.10/site-packages/class-pkg.egg-link (link to .)
[8.066s] Installing custom_talker script to /home/ros/Workspaces/course_ws/install/class_pkg/lib/class_pkg
[8.068s] 
[8.069s] Installed /home/ros/Workspaces/course_ws/build/class_pkg
[8.069s] running symlink_data
[8.222s] Invoked command in '/home/ros/Workspaces/course_ws/build/class_pkg' returned '0': PYTHONPATH=/home/ros/Workspaces/course_ws/build/class_pkg/prefix_override:/usr/lib/python3/dist-packages/colcon_core/task/python/colcon_distutils_commands:/home/ros/Workspaces/course_ws/install/class_pkg/lib/python3.10/site-packages:${PYTHONPATH} /usr/bin/python3 -W ignore:setup.py install is deprecated setup.py develop --editable --build-directory /home/ros/Workspaces/course_ws/build/class_pkg/build --no-deps symlink_data
