[6.434s] Invoking command in '/home/ros/Workspaces/course_ws/build/class_pkg': PYTHONPATH=/home/ros/Workspaces/course_ws/build/class_pkg/prefix_override:/usr/lib/python3/dist-packages/colcon_core/task/python/colcon_distutils_commands:/home/ros/Workspaces/course_ws/install/class_pkg/lib/python3.10/site-packages:${PYTHONPATH} /usr/bin/python3 -W ignore:setup.py install is deprecated setup.py develop --editable --build-directory /home/ros/Workspaces/course_ws/build/class_pkg/build --no-deps symlink_data
[8.374s] running develop
[8.375s] /home/ros/.local/lib/python3.10/site-packages/setuptools/command/develop.py:40: EasyInstallDeprecationWarning: easy_install command is deprecated.
[8.376s] !!
[8.376s] 
[8.376s]         ********************************************************************************
[8.377s]         Please avoid running ``setup.py`` and ``easy_install``.
[8.377s]         Instead, use pypa/build, pypa/installer or other
[8.377s]         standards-based tools.
[8.378s] 
[8.378s]         See https://github.com/pypa/setuptools/issues/917 for details.
[8.378s]         ********************************************************************************
[8.379s] 
[8.379s] !!
[8.380s]   easy_install.initialize_options(self)
[9.534s] running egg_info
[9.608s] writing class_pkg.egg-info/PKG-INFO
[9.610s] writing dependency_links to class_pkg.egg-info/dependency_links.txt
[9.612s] writing entry points to class_pkg.egg-info/entry_points.txt
[9.613s] writing requirements to class_pkg.egg-info/requires.txt
[9.614s] writing top-level names to class_pkg.egg-info/top_level.txt
[9.774s] reading manifest file 'class_pkg.egg-info/SOURCES.txt'
[9.778s] writing manifest file 'class_pkg.egg-info/SOURCES.txt'
[9.859s] running build_ext
[9.860s] Creating /home/ros/Workspaces/course_ws/install/class_pkg/lib/python3.10/site-packages/class-pkg.egg-link (link to .)
[9.864s] Installing custom_talker script to /home/ros/Workspaces/course_ws/install/class_pkg/lib/class_pkg
[9.865s] 
[9.866s] Installed /home/ros/Workspaces/course_ws/build/class_pkg
[9.866s] running symlink_data
[10.021s] Invoked command in '/home/ros/Workspaces/course_ws/build/class_pkg' returned '0': PYTHONPATH=/home/ros/Workspaces/course_ws/build/class_pkg/prefix_override:/usr/lib/python3/dist-packages/colcon_core/task/python/colcon_distutils_commands:/home/ros/Workspaces/course_ws/install/class_pkg/lib/python3.10/site-packages:${PYTHONPATH} /usr/bin/python3 -W ignore:setup.py install is deprecated setup.py develop --editable --build-directory /home/ros/Workspaces/course_ws/build/class_pkg/build --no-deps symlink_data
