[0.788s] DEBUG:colcon:Command line arguments: ['/usr/bin/colcon', 'build', '--symlink-install', '--packages-select', 'class_pkg']
[0.788s] DEBUG:colcon:Parsed command line arguments: Namespace(log_base=None, log_level=None, verb_name='build', build_base='build', install_base='install', merge_install=False, symlink_install=True, test_result_base=None, continue_on_error=False, executor='parallel', parallel_workers=4, event_handlers=None, ignore_user_meta=False, metas=['./colcon.meta'], base_paths=['.'], packages_ignore=None, packages_ignore_regex=None, paths=None, packages_up_to=None, packages_up_to_regex=None, packages_above=None, packages_above_and_dependencies=None, packages_above_depth=None, packages_select_by_dep=None, packages_skip_by_dep=None, packages_skip_up_to=None, packages_select_build_failed=False, packages_skip_build_finished=False, packages_select_test_failures=False, packages_skip_test_passed=False, packages_select=['class_pkg'], packages_skip=None, packages_select_regex=None, packages_skip_regex=None, packages_start=None, packages_end=None, allow_overriding=[], cmake_args=None, cmake_target=None, cmake_target_skip_unavailable=False, cmake_clean_cache=False, cmake_clean_first=False, cmake_force_configure=False, ament_cmake_args=None, catkin_cmake_args=None, catkin_skip_building_tests=False, mixin_files=None, mixin=None, verb_parser=<colcon_mixin.mixin.mixin_argument.MixinArgumentDecorator object at 0xffff80699ba0>, verb_extension=<colcon_core.verb.build.BuildVerb object at 0xffff808822c0>, main=<bound method BuildVerb.main of <colcon_core.verb.build.BuildVerb object at 0xffff808822c0>>, mixin_verb=('build',))
[1.080s] Level 1:colcon.colcon_core.package_discovery:discover_packages(colcon_meta) check parameters
[1.080s] Level 1:colcon.colcon_core.package_discovery:discover_packages(recursive) check parameters
[1.080s] Level 1:colcon.colcon_core.package_discovery:discover_packages(ignore) check parameters
[1.080s] Level 1:colcon.colcon_core.package_discovery:discover_packages(path) check parameters
[1.081s] Level 1:colcon.colcon_core.package_discovery:discover_packages(colcon_meta) discover
[1.081s] Level 1:colcon.colcon_core.package_discovery:discover_packages(recursive) discover
[1.081s] INFO:colcon.colcon_core.package_discovery:Crawling recursively for packages in '/home/ros/Workspaces/course_ws'
[1.082s] Level 1:colcon.colcon_core.package_identification:_identify(.) by extensions ['ignore', 'ignore_ament_install']
[1.082s] Level 1:colcon.colcon_core.package_identification:_identify(.) by extension 'ignore'
[1.083s] Level 1:colcon.colcon_core.package_identification:_identify(.) by extension 'ignore_ament_install'
[1.083s] Level 1:colcon.colcon_core.package_identification:_identify(.) by extensions ['colcon_pkg']
[1.084s] Level 1:colcon.colcon_core.package_identification:_identify(.) by extension 'colcon_pkg'
[1.084s] Level 1:colcon.colcon_core.package_identification:_identify(.) by extensions ['colcon_meta']
[1.084s] Level 1:colcon.colcon_core.package_identification:_identify(.) by extension 'colcon_meta'
[1.084s] Level 1:colcon.colcon_core.package_identification:_identify(.) by extensions ['ros']
[1.084s] Level 1:colcon.colcon_core.package_identification:_identify(.) by extension 'ros'
[1.175s] Level 1:colcon.colcon_core.package_identification:_identify(.) by extensions ['cmake', 'python']
[1.176s] Level 1:colcon.colcon_core.package_identification:_identify(.) by extension 'cmake'
[1.176s] Level 1:colcon.colcon_core.package_identification:_identify(.) by extension 'python'
[1.176s] Level 1:colcon.colcon_core.package_identification:_identify(.) by extensions ['python_setup_py']
[1.176s] Level 1:colcon.colcon_core.package_identification:_identify(.) by extension 'python_setup_py'
[1.177s] Level 1:colcon.colcon_core.package_identification:_identify(build) by extensions ['ignore', 'ignore_ament_install']
[1.177s] Level 1:colcon.colcon_core.package_identification:_identify(build) by extension 'ignore'
[1.177s] Level 1:colcon.colcon_core.package_identification:_identify(build) ignored
[1.178s] Level 1:colcon.colcon_core.package_identification:_identify(install) by extensions ['ignore', 'ignore_ament_install']
[1.178s] Level 1:colcon.colcon_core.package_identification:_identify(install) by extension 'ignore'
[1.179s] Level 1:colcon.colcon_core.package_identification:_identify(install) ignored
[1.179s] Level 1:colcon.colcon_core.package_identification:_identify(log) by extensions ['ignore', 'ignore_ament_install']
[1.180s] Level 1:colcon.colcon_core.package_identification:_identify(log) by extension 'ignore'
[1.180s] Level 1:colcon.colcon_core.package_identification:_identify(log) ignored
[1.180s] Level 1:colcon.colcon_core.package_identification:_identify(src) by extensions ['ignore', 'ignore_ament_install']
[1.181s] Level 1:colcon.colcon_core.package_identification:_identify(src) by extension 'ignore'
[1.181s] Level 1:colcon.colcon_core.package_identification:_identify(src) by extension 'ignore_ament_install'
[1.181s] Level 1:colcon.colcon_core.package_identification:_identify(src) by extensions ['colcon_pkg']
[1.181s] Level 1:colcon.colcon_core.package_identification:_identify(src) by extension 'colcon_pkg'
[1.181s] Level 1:colcon.colcon_core.package_identification:_identify(src) by extensions ['colcon_meta']
[1.182s] Level 1:colcon.colcon_core.package_identification:_identify(src) by extension 'colcon_meta'
[1.182s] Level 1:colcon.colcon_core.package_identification:_identify(src) by extensions ['ros']
[1.182s] Level 1:colcon.colcon_core.package_identification:_identify(src) by extension 'ros'
[1.182s] Level 1:colcon.colcon_core.package_identification:_identify(src) by extensions ['cmake', 'python']
[1.182s] Level 1:colcon.colcon_core.package_identification:_identify(src) by extension 'cmake'
[1.183s] Level 1:colcon.colcon_core.package_identification:_identify(src) by extension 'python'
[1.183s] Level 1:colcon.colcon_core.package_identification:_identify(src) by extensions ['python_setup_py']
[1.183s] Level 1:colcon.colcon_core.package_identification:_identify(src) by extension 'python_setup_py'
[1.184s] Level 1:colcon.colcon_core.package_identification:_identify(src/class_pkg) by extensions ['ignore', 'ignore_ament_install']
[1.184s] Level 1:colcon.colcon_core.package_identification:_identify(src/class_pkg) by extension 'ignore'
[1.184s] Level 1:colcon.colcon_core.package_identification:_identify(src/class_pkg) by extension 'ignore_ament_install'
[1.184s] Level 1:colcon.colcon_core.package_identification:_identify(src/class_pkg) by extensions ['colcon_pkg']
[1.185s] Level 1:colcon.colcon_core.package_identification:_identify(src/class_pkg) by extension 'colcon_pkg'
[1.185s] Level 1:colcon.colcon_core.package_identification:_identify(src/class_pkg) by extensions ['colcon_meta']
[1.185s] Level 1:colcon.colcon_core.package_identification:_identify(src/class_pkg) by extension 'colcon_meta'
[1.185s] Level 1:colcon.colcon_core.package_identification:_identify(src/class_pkg) by extensions ['ros']
[1.185s] Level 1:colcon.colcon_core.package_identification:_identify(src/class_pkg) by extension 'ros'
[1.199s] DEBUG:colcon.colcon_core.package_identification:Package 'src/class_pkg' with type 'ros.ament_python' and name 'class_pkg'
[1.199s] Level 1:colcon.colcon_core.package_discovery:discover_packages(recursive) using defaults
[1.200s] Level 1:colcon.colcon_core.package_discovery:discover_packages(ignore) discover
[1.200s] Level 1:colcon.colcon_core.package_discovery:discover_packages(ignore) using defaults
[1.200s] Level 1:colcon.colcon_core.package_discovery:discover_packages(path) discover
[1.200s] Level 1:colcon.colcon_core.package_discovery:discover_packages(path) using defaults
[1.314s] Level 1:colcon.colcon_core.package_discovery:discover_packages(prefix_path) check parameters
[1.314s] Level 1:colcon.colcon_core.package_discovery:discover_packages(prefix_path) discover
[1.338s] DEBUG:colcon.colcon_installed_package_information.package_discovery:Found 271 installed packages in /opt/ros/humble
[1.346s] Level 1:colcon.colcon_core.package_discovery:discover_packages(prefix_path) using defaults
[1.533s] Level 5:colcon.colcon_core.verb:set package 'class_pkg' build argument 'cmake_args' from command line to 'None'
[1.533s] Level 5:colcon.colcon_core.verb:set package 'class_pkg' build argument 'cmake_target' from command line to 'None'
[1.533s] Level 5:colcon.colcon_core.verb:set package 'class_pkg' build argument 'cmake_target_skip_unavailable' from command line to 'False'
[1.533s] Level 5:colcon.colcon_core.verb:set package 'class_pkg' build argument 'cmake_clean_cache' from command line to 'False'
[1.534s] Level 5:colcon.colcon_core.verb:set package 'class_pkg' build argument 'cmake_clean_first' from command line to 'False'
[1.534s] Level 5:colcon.colcon_core.verb:set package 'class_pkg' build argument 'cmake_force_configure' from command line to 'False'
[1.534s] Level 5:colcon.colcon_core.verb:set package 'class_pkg' build argument 'ament_cmake_args' from command line to 'None'
[1.534s] Level 5:colcon.colcon_core.verb:set package 'class_pkg' build argument 'catkin_cmake_args' from command line to 'None'
[1.534s] Level 5:colcon.colcon_core.verb:set package 'class_pkg' build argument 'catkin_skip_building_tests' from command line to 'False'
[1.534s] DEBUG:colcon.colcon_core.verb:Building package 'class_pkg' with the following arguments: {'ament_cmake_args': None, 'build_base': '/home/ros/Workspaces/course_ws/build/class_pkg', 'catkin_cmake_args': None, 'catkin_skip_building_tests': False, 'cmake_args': None, 'cmake_clean_cache': False, 'cmake_clean_first': False, 'cmake_force_configure': False, 'cmake_target': None, 'cmake_target_skip_unavailable': False, 'install_base': '/home/ros/Workspaces/course_ws/install/class_pkg', 'merge_install': False, 'path': '/home/ros/Workspaces/course_ws/src/class_pkg', 'symlink_install': True, 'test_result_base': None}
[1.535s] INFO:colcon.colcon_core.executor:Executing jobs using 'parallel' executor
[1.538s] DEBUG:colcon.colcon_parallel_executor.executor.parallel:run_until_complete
[1.539s] INFO:colcon.colcon_ros.task.ament_python.build:Building ROS package in '/home/ros/Workspaces/course_ws/src/class_pkg' with build type 'ament_python'
[1.540s] Level 1:colcon.colcon_core.shell:create_environment_hook('class_pkg', 'ament_prefix_path')
[1.561s] INFO:colcon.colcon_core.plugin_system:Skipping extension 'colcon_core.shell.bat': Not used on non-Windows systems
[1.562s] INFO:colcon.colcon_core.shell:Creating environment hook '/home/ros/Workspaces/course_ws/install/class_pkg/share/class_pkg/hook/ament_prefix_path.ps1'
[1.567s] INFO:colcon.colcon_core.shell:Creating environment descriptor '/home/ros/Workspaces/course_ws/install/class_pkg/share/class_pkg/hook/ament_prefix_path.dsv'
[1.570s] INFO:colcon.colcon_core.shell:Creating environment hook '/home/ros/Workspaces/course_ws/install/class_pkg/share/class_pkg/hook/ament_prefix_path.sh'
[1.575s] INFO:colcon.colcon_core.shell:Skip shell extension 'powershell' for command environment: Not usable outside of PowerShell
[1.575s] DEBUG:colcon.colcon_core.shell:Skip shell extension 'dsv' for command environment
[2.565s] INFO:colcon.colcon_core.task.python.build:Building Python package in '/home/ros/Workspaces/course_ws/src/class_pkg'
[2.566s] INFO:colcon.colcon_core.shell:Skip shell extension 'powershell' for command environment: Not usable outside of PowerShell
[2.566s] DEBUG:colcon.colcon_core.shell:Skip shell extension 'dsv' for command environment
[6.194s] DEBUG:colcon.colcon_core.event_handler.log_command:Invoking command in '/home/ros/Workspaces/course_ws/build/class_pkg': PYTHONPATH=/home/ros/Workspaces/course_ws/build/class_pkg/prefix_override:/usr/lib/python3/dist-packages/colcon_core/task/python/colcon_distutils_commands:/home/ros/Workspaces/course_ws/install/class_pkg/lib/python3.10/site-packages:${PYTHONPATH} /usr/bin/python3 -W ignore:setup.py install is deprecated setup.py develop --editable --build-directory /home/ros/Workspaces/course_ws/build/class_pkg/build --no-deps symlink_data
[9.473s] Level 1:colcon.colcon_core.shell:create_environment_hook('class_pkg', 'pythonpath_develop')
[9.474s] INFO:colcon.colcon_core.shell:Creating environment hook '/home/ros/Workspaces/course_ws/build/class_pkg/share/class_pkg/hook/pythonpath_develop.ps1'
[9.476s] DEBUG:colcon.colcon_core.event_handler.log_command:Invoked command in '/home/ros/Workspaces/course_ws/build/class_pkg' returned '0': PYTHONPATH=/home/ros/Workspaces/course_ws/build/class_pkg/prefix_override:/usr/lib/python3/dist-packages/colcon_core/task/python/colcon_distutils_commands:/home/ros/Workspaces/course_ws/install/class_pkg/lib/python3.10/site-packages:${PYTHONPATH} /usr/bin/python3 -W ignore:setup.py install is deprecated setup.py develop --editable --build-directory /home/ros/Workspaces/course_ws/build/class_pkg/build --no-deps symlink_data
[9.478s] INFO:colcon.colcon_core.shell:Creating environment descriptor '/home/ros/Workspaces/course_ws/build/class_pkg/share/class_pkg/hook/pythonpath_develop.dsv'
[9.479s] INFO:colcon.colcon_core.shell:Creating environment hook '/home/ros/Workspaces/course_ws/build/class_pkg/share/class_pkg/hook/pythonpath_develop.sh'
[9.507s] Level 1:colcon.colcon_core.environment:checking '/home/ros/Workspaces/course_ws/install/class_pkg' for CMake module files
[9.510s] Level 1:colcon.colcon_core.environment:checking '/home/ros/Workspaces/course_ws/install/class_pkg' for CMake config files
[9.515s] Level 1:colcon.colcon_core.environment:checking '/home/ros/Workspaces/course_ws/install/class_pkg/lib'
[9.516s] Level 1:colcon.colcon_core.environment:checking '/home/ros/Workspaces/course_ws/install/class_pkg/bin'
[9.517s] Level 1:colcon.colcon_core.environment:checking '/home/ros/Workspaces/course_ws/install/class_pkg/lib/pkgconfig/class_pkg.pc'
[9.518s] Level 1:colcon.colcon_core.environment:checking '/home/ros/Workspaces/course_ws/install/class_pkg/lib/python3.10/site-packages'
[9.518s] Level 1:colcon.colcon_core.shell:create_environment_hook('class_pkg', 'pythonpath')
[9.519s] INFO:colcon.colcon_core.shell:Creating environment hook '/home/ros/Workspaces/course_ws/install/class_pkg/share/class_pkg/hook/pythonpath.ps1'
[9.521s] INFO:colcon.colcon_core.shell:Creating environment descriptor '/home/ros/Workspaces/course_ws/install/class_pkg/share/class_pkg/hook/pythonpath.dsv'
[9.523s] INFO:colcon.colcon_core.shell:Creating environment hook '/home/ros/Workspaces/course_ws/install/class_pkg/share/class_pkg/hook/pythonpath.sh'
[9.525s] Level 1:colcon.colcon_core.environment:checking '/home/ros/Workspaces/course_ws/install/class_pkg/bin'
[9.526s] Level 1:colcon.colcon_core.environment:create_environment_scripts_only(class_pkg)
[9.527s] INFO:colcon.colcon_core.shell:Creating package script '/home/ros/Workspaces/course_ws/install/class_pkg/share/class_pkg/package.ps1'
[9.532s] INFO:colcon.colcon_core.shell:Creating package descriptor '/home/ros/Workspaces/course_ws/install/class_pkg/share/class_pkg/package.dsv'
[9.536s] INFO:colcon.colcon_core.shell:Creating package script '/home/ros/Workspaces/course_ws/install/class_pkg/share/class_pkg/package.sh'
[9.540s] INFO:colcon.colcon_core.shell:Creating package script '/home/ros/Workspaces/course_ws/install/class_pkg/share/class_pkg/package.bash'
[9.545s] INFO:colcon.colcon_core.shell:Creating package script '/home/ros/Workspaces/course_ws/install/class_pkg/share/class_pkg/package.zsh'
[9.550s] Level 1:colcon.colcon_core.environment:create_file_with_runtime_dependencies(/home/ros/Workspaces/course_ws/install/class_pkg/share/colcon-core/packages/class_pkg)
[9.551s] DEBUG:colcon.colcon_parallel_executor.executor.parallel:closing loop
[9.553s] DEBUG:colcon.colcon_parallel_executor.executor.parallel:loop closed
[9.553s] DEBUG:colcon.colcon_parallel_executor.executor.parallel:run_until_complete finished with '0'
[9.554s] DEBUG:colcon.colcon_core.event_reactor:joining thread
[9.583s] INFO:colcon.colcon_core.plugin_system:Skipping extension 'colcon_notification.desktop_notification.terminal_notifier': Not used on non-Darwin systems
[9.584s] INFO:colcon.colcon_core.plugin_system:Skipping extension 'colcon_notification.desktop_notification.win32': Not used on non-Windows systems
[9.584s] INFO:colcon.colcon_notification.desktop_notification:Sending desktop notification using 'notify2'
[9.590s] DEBUG:colcon.colcon_notification.desktop_notification.notify2:Failed to initialize notify2: org.freedesktop.DBus.Error.ServiceUnknown: The name org.freedesktop.Notifications was not provided by any .service files
[9.590s] DEBUG:colcon.colcon_core.event_reactor:joined thread
[9.591s] INFO:colcon.colcon_core.shell:Creating prefix script '/home/ros/Workspaces/course_ws/install/local_setup.ps1'
[9.597s] INFO:colcon.colcon_core.shell:Creating prefix util module '/home/ros/Workspaces/course_ws/install/_local_setup_util_ps1.py'
[9.607s] INFO:colcon.colcon_core.shell:Creating prefix chain script '/home/ros/Workspaces/course_ws/install/setup.ps1'
[9.612s] INFO:colcon.colcon_core.shell:Creating prefix script '/home/ros/Workspaces/course_ws/install/local_setup.sh'
[9.616s] INFO:colcon.colcon_core.shell:Creating prefix util module '/home/ros/Workspaces/course_ws/install/_local_setup_util_sh.py'
[9.619s] INFO:colcon.colcon_core.shell:Creating prefix chain script '/home/ros/Workspaces/course_ws/install/setup.sh'
[9.624s] INFO:colcon.colcon_core.shell:Creating prefix script '/home/ros/Workspaces/course_ws/install/local_setup.bash'
[9.627s] INFO:colcon.colcon_core.shell:Creating prefix chain script '/home/ros/Workspaces/course_ws/install/setup.bash'
[9.632s] INFO:colcon.colcon_core.shell:Creating prefix script '/home/ros/Workspaces/course_ws/install/local_setup.zsh'
[9.636s] INFO:colcon.colcon_core.shell:Creating prefix chain script '/home/ros/Workspaces/course_ws/install/setup.zsh'
